<?xml version="1.0" encoding="UTF-8"?>
<!-- Generated by org.testng.reporters.JUnitReportReporter -->
<testsuite hostname="Amrutha" failures="0" tests="1" name="Admin.CreateDoctorSpecializationAndAddDoctorsTest" time="11.310" errors="0" timestamp="2024-04-19T12:03:55 IST" skipped="0">
  <testcase classname="Admin.CreateDoctorSpecializationAndAddDoctorsTest" name="CreateDoctorSpeciaAnsAddDoc" time="11.310"/>
  <system-out/>
</testsuite> <!-- Admin.CreateDoctorSpecializationAndAddDoctorsTest -->
