<?xml version="1.0" encoding="UTF-8"?>
<!-- Generated by org.testng.reporters.JUnitReportReporter -->
<testsuite hostname="Amrutha" failures="0" tests="1" name="Admin.EditDoctorDetailsTest" time="6.352" errors="0" timestamp="2024-04-19T12:03:27 IST" skipped="0">
  <testcase classname="Admin.EditDoctorDetailsTest" name="EditDoctorDetails" time="6.352"/>
  <system-out/>
</testsuite> <!-- Admin.EditDoctorDetailsTest -->
