<?xml version="1.0" encoding="UTF-8"?>
<!-- Generated by org.testng.reporters.JUnitReportReporter -->
<testsuite hostname="Amrutha" failures="0" tests="1" name="Doctor.LoginDoctorViewAppointmentHistoryAndVerifyTest" time="4.475" errors="0" timestamp="2024-04-19T12:01:48 IST" skipped="0">
  <testcase classname="Doctor.LoginDoctorViewAppointmentHistoryAndVerifyTest" name="LoginDocotorviewAppoihisAndVerifyTest" time="4.475"/>
  <system-out/>
</testsuite> <!-- Doctor.LoginDoctorViewAppointmentHistoryAndVerifyTest -->
