<?xml version="1.0" encoding="UTF-8"?>
<!-- Generated by org.testng.reporters.JUnitReportReporter -->
<testsuite hostname="Amrutha" failures="0" tests="1" name="JenkinsPractiseTest" time="2.756" errors="0" timestamp="2024-04-20T13:41:20 IST" skipped="0">
  <testcase classname="JenkinsPractiseTest" name="Test1" time="2.756"/>
  <system-out>
    <![CDATA[********Login**********
********Logout**********]]>
  </system-out>
</testsuite> <!-- JenkinsPractiseTest -->
